# JRE version: OpenJDK Runtime Environment (11.0.10) (build 11.0.10+0-b96-7249189)
# Java VM: OpenJDK 64-Bit Server VM (11.0.10+0-b96-7249189, mixed mode, tiered, compressed oops, g1 gc, windows-amd64)
Heap:
 garbage-first heap   total 427008K, used 297626K [0x0000000080000000, 0x0000000100000000)
  region size 1024K, 173 young (177152K), 0 survivors (0K)
 Metaspace       used 169199K, capacity 175240K, committed 189004K, reserved 1214464K
  class space    used 20450K, capacity 22643K, committed 24908K, reserved 1048576K
GC Heap History (20 events):
Event: 12942.009 GC heap after
{Heap after GC invocations=219 (full 0):
 garbage-first heap   total 1502208K, used 367777K [0x0000000080000000, 0x0000000100000000)
  region size 1024K, 2 young (2048K), 2 survivors (2048K)
 Metaspace       used 178219K, capacity 185677K, committed 185932K, reserved 1210368K
  class space    used 21727K, capacity 24321K, committed 24396K, reserved 1048576K
}
Event: 13144.331 GC heap before
{Heap before GC invocations=220 (full 0):
 garbage-first heap   total 1502208K, used 1246369K [0x0000000080000000, 0x0000000100000000)
  region size 1024K, 832 young (851968K), 2 survivors (2048K)
 Metaspace       used 179559K, capacity 187240K, committed 187468K, reserved 1212416K
  class space    used 21904K, capacity 24570K, committed 24652K, reserved 1048576K
}
Event: 13144.434 GC heap after
{Heap after GC invocations=221 (full 0):
 garbage-first heap   total 1502208K, used 347258K [0x0000000080000000, 0x0000000100000000)
  region size 1024K, 86 young (88064K), 86 survivors (88064K)
 Metaspace       used 179559K, capacity 187240K, committed 187468K, reserved 1212416K
  class space    used 21904K, capacity 24570K, committed 24652K, reserved 1048576K
}
Event: 13144.468 GC heap before
{Heap before GC invocations=221 (full 0):
 garbage-first heap   total 1502208K, used 348282K [0x0000000080000000, 0x0000000100000000)
  region size 1024K, 87 young (89088K), 86 survivors (88064K)
 Metaspace       used 179676K, capacity 187360K, committed 187468K, reserved 1212416K
  class space    used 21922K, capacity 24606K, committed 24652K, reserved 1048576K
}
Event: 13144.540 GC heap after
{Heap after GC invocations=222 (full 0):
 garbage-first heap   total 1502208K, used 329043K [0x0000000080000000, 0x0000000100000000)
  region size 1024K, 4 young (4096K), 4 survivors (4096K)
 Metaspace       used 179676K, capacity 187360K, committed 187468K, reserved 1212416K
  class space    used 21922K, capacity 24606K, committed 24652K, reserved 1048576K
}
Event: 13537.759 GC heap before
{Heap before GC invocations=222 (full 0):
 garbage-first heap   total 1502208K, used 475475K [0x0000000080000000, 0x0000000100000000)
  region size 1024K, 149 young (152576K), 4 survivors (4096K)
 Metaspace       used 181017K, capacity 188714K, committed 189004K, reserved 1214464K
  class space    used 22085K, capacity 24816K, committed 24908K, reserved 1048576K
}
Event: 13537.791 GC heap after
{Heap after GC invocations=223 (full 0):
 garbage-first heap   total 1502208K, used 338214K [0x0000000080000000, 0x0000000100000000)
  region size 1024K, 13 young (13312K), 13 survivors (13312K)
 Metaspace       used 181017K, capacity 188714K, committed 189004K, reserved 1214464K
  class space    used 22085K, capacity 24816K, committed 24908K, reserved 1048576K
}
Event: 13543.580 GC heap before
{Heap before GC invocations=224 (full 0):
 garbage-first heap   total 1502208K, used 1245139K [0x0000000080000000, 0x0000000100000000)
  region size 1024K, 854 young (874496K), 13 survivors (13312K)
 Metaspace       used 178894K, capacity 186299K, committed 189004K, reserved 1214464K
  class space    used 21797K, capacity 24465K, committed 24908K, reserved 1048576K
}
Event: 13543.685 GC heap after
{Heap after GC invocations=225 (full 0):
 garbage-first heap   total 1502208K, used 430014K [0x0000000080000000, 0x0000000100000000)
  region size 1024K, 107 young (109568K), 107 survivors (109568K)
 Metaspace       used 178894K, capacity 186299K, committed 189004K, reserved 1214464K
  class space    used 21797K, capacity 24465K, committed 24908K, reserved 1048576K
}
Event: 13543.695 GC heap before
{Heap before GC invocations=225 (full 0):
 garbage-first heap   total 1502208K, used 431038K [0x0000000080000000, 0x0000000100000000)
  region size 1024K, 108 young (110592K), 107 survivors (109568K)
 Metaspace       used 178894K, capacity 186299K, committed 189004K, reserved 1214464K
  class space    used 21797K, capacity 24465K, committed 24908K, reserved 1048576K
}
Event: 13543.779 GC heap after
{Heap after GC invocations=226 (full 0):
 garbage-first heap   total 1502208K, used 387326K [0x0000000080000000, 0x0000000100000000)
  region size 1024K, 2 young (2048K), 2 survivors (2048K)
 Metaspace       used 178894K, capacity 186299K, committed 189004K, reserved 1214464K
  class space    used 21797K, capacity 24465K, committed 24908K, reserved 1048576K
}
Event: 13544.024 GC heap before
{Heap before GC invocations=226 (full 0):
 garbage-first heap   total 1502208K, used 420094K [0x0000000080000000, 0x0000000100000000)
  region size 1024K, 35 young (35840K), 2 survivors (2048K)
 Metaspace       used 178949K, capacity 186441K, committed 189004K, reserved 1214464K
  class space    used 21804K, capacity 24478K, committed 24908K, reserved 1048576K
}
Event: 13544.047 GC heap after
{Heap after GC invocations=227 (full 0):
 garbage-first heap   total 1502208K, used 388862K [0x0000000080000000, 0x0000000100000000)
  region size 1024K, 3 young (3072K), 3 survivors (3072K)
 Metaspace       used 178949K, capacity 186441K, committed 189004K, reserved 1214464K
  class space    used 21804K, capacity 24478K, committed 24908K, reserved 1048576K
}
Event: 15436.186 GC heap before
{Heap before GC invocations=228 (full 0):
 garbage-first heap   total 1502208K, used 1264382K [0x0000000080000000, 0x0000000100000000)
  region size 1024K, 789 young (807936K), 3 survivors (3072K)
 Metaspace       used 179520K, capacity 187142K, committed 189004K, reserved 1214464K
  class space    used 21884K, capacity 24625K, committed 24908K, reserved 1048576K
}
Event: 15436.207 GC heap after
{Heap after GC invocations=229 (full 0):
 garbage-first heap   total 1502208K, used 384594K [0x0000000080000000, 0x0000000100000000)
  region size 1024K, 8 young (8192K), 8 survivors (8192K)
 Metaspace       used 179520K, capacity 187142K, committed 189004K, reserved 1214464K
  class space    used 21884K, capacity 24625K, committed 24908K, reserved 1048576K
}
Event: 15782.612 GC heap before
{Heap before GC invocations=229 (full 0):
 garbage-first heap   total 1502208K, used 450130K [0x0000000080000000, 0x0000000100000000)
  region size 1024K, 73 young (74752K), 8 survivors (8192K)
 Metaspace       used 179527K, capacity 187142K, committed 189004K, reserved 1214464K
  class space    used 21884K, capacity 24625K, committed 24908K, reserved 1048576K
}
Event: 15782.620 GC heap after
{Heap after GC invocations=230 (full 0):
 garbage-first heap   total 1502208K, used 364169K [0x0000000080000000, 0x0000000100000000)
  region size 1024K, 2 young (2048K), 2 survivors (2048K)
 Metaspace       used 179527K, capacity 187142K, committed 189004K, reserved 1214464K
  class space    used 21884K, capacity 24625K, committed 24908K, reserved 1048576K
}
Event: 19382.621 GC heap before
{Heap before GC invocations=230 (full 0):
 garbage-first heap   total 1502208K, used 604809K [0x0000000080000000, 0x0000000100000000)
  region size 1024K, 238 young (243712K), 2 survivors (2048K)
 Metaspace       used 179612K, capacity 187276K, committed 189004K, reserved 1214464K
  class space    used 21887K, capacity 24626K, committed 24908K, reserved 1048576K
}
Event: 19383.028 GC heap after
{Heap after GC invocations=231 (full 1):
 garbage-first heap   total 427008K, used 121145K [0x0000000080000000, 0x0000000100000000)
  region size 1024K, 0 young (0K), 0 survivors (0K)
 Metaspace       used 168978K, capacity 175010K, committed 189004K, reserved 1214464K
  class space    used 20436K, capacity 22619K, committed 24908K, reserved 1048576K
}
Event: 23557.346 GC heap before
{Heap before GC invocations=231 (full 1):
 garbage-first heap   total 427008K, used 296249K [0x0000000080000000, 0x0000000100000000)
  region size 1024K, 173 young (177152K), 0 survivors (0K)
 Metaspace       used 169199K, capacity 175240K, committed 189004K, reserved 1214464K
  class space    used 20450K, capacity 22643K, committed 24908K, reserved 1048576K
}

